<?xml version="1.0" encoding="UTF-8"?>
<testsuite xmlns:xsi="http://www.w3.org/2001/XMLSchema-instance" xsi:noNamespaceSchemaLocation="https://maven.apache.org/surefire/maven-surefire-plugin/xsd/surefire-test-report.xsd" name="com.thealgorithms.maths.KaprekarNumbersTest" time="0.197" tests="9" errors="0" skipped="0" failures="0">
  <properties>
    <property name="java.specification.version" value="19"/>
    <property name="sun.cpu.isalist" value="amd64"/>
    <property name="sun.jnu.encoding" value="Cp1252"/>
    <property name="java.class.path" value="C:\Users\Diegodm\OneDrive\Escritorio\LDH\Examen-2021-2\target\test-classes;C:\Users\Diegodm\OneDrive\Escritorio\LDH\Examen-2021-2\target\classes;C:\Users\Diegodm\.m2\repository\junit\junit\4.11\junit-4.11.jar;C:\Users\Diegodm\.m2\repository\org\hamcrest\hamcrest-core\1.3\hamcrest-core-1.3.jar;C:\Users\Diegodm\.m2\repository\org\apache\commons\commons-lang3\3.1\commons-lang3-3.1.jar;C:\Users\Diegodm\.m2\repository\org\apache\commons\commons-csv\1.9.0\commons-csv-1.9.0.jar;C:\Users\Diegodm\.m2\repository\edu\duke\cs\ospreyservice\0.2\ospreyservice-0.2.jar;C:\Users\Diegodm\.m2\repository\io\ktor\ktor-server-netty\1.3.0\ktor-server-netty-1.3.0.jar;C:\Users\Diegodm\.m2\repository\org\jetbrains\kotlin\kotlin-stdlib\1.3.61\kotlin-stdlib-1.3.61.jar;C:\Users\Diegodm\.m2\repository\org\jetbrains\kotlin\kotlin-stdlib-common\1.3.61\kotlin-stdlib-common-1.3.61.jar;C:\Users\Diegodm\.m2\repository\org\jetbrains\annotations\13.0\annotations-13.0.jar;C:\Users\Diegodm\.m2\repository\org\jetbrains\kotlin\kotlin-stdlib-jdk7\1.3.61\kotlin-stdlib-jdk7-1.3.61.jar;C:\Users\Diegodm\.m2\repository\org\jetbrains\kotlinx\atomicfu\0.14.1\atomicfu-0.14.1.jar;C:\Users\Diegodm\.m2\repository\org\slf4j\slf4j-api\1.7.26\slf4j-api-1.7.26.jar;C:\Users\Diegodm\.m2\repository\org\jetbrains\kotlinx\kotlinx-coroutines-jdk8\1.3.3\kotlinx-coroutines-jdk8-1.3.3.jar;C:\Users\Diegodm\.m2\repository\org\jetbrains\kotlinx\kotlinx-coroutines-core\1.3.3\kotlinx-coroutines-core-1.3.3.jar;C:\Users\Diegodm\.m2\repository\io\ktor\ktor-server-host-common\1.3.0\ktor-server-host-common-1.3.0.jar;C:\Users\Diegodm\.m2\repository\io\ktor\ktor-http-cio-jvm\1.3.0\ktor-http-cio-jvm-1.3.0.jar;C:\Users\Diegodm\.m2\repository\io\ktor\ktor-network\1.3.0\ktor-network-1.3.0.jar;C:\Users\Diegodm\.m2\repository\org\jetbrains\kotlinx\kotlinx-coroutines-core-common\1.3.3\kotlinx-coroutines-core-common-1.3.3.jar;C:\Users\Diegodm\.m2\repository\io\netty\netty-codec-http2\4.1.43.Final\netty-codec-http2-4.1.43.Final.jar;C:\Users\Diegodm\.m2\repository\io\netty\netty-common\4.1.43.Final\netty-common-4.1.43.Final.jar;C:\Users\Diegodm\.m2\repository\io\netty\netty-buffer\4.1.43.Final\netty-buffer-4.1.43.Final.jar;C:\Users\Diegodm\.m2\repository\io\netty\netty-transport\4.1.43.Final\netty-transport-4.1.43.Final.jar;C:\Users\Diegodm\.m2\repository\io\netty\netty-resolver\4.1.43.Final\netty-resolver-4.1.43.Final.jar;C:\Users\Diegodm\.m2\repository\io\netty\netty-codec\4.1.43.Final\netty-codec-4.1.43.Final.jar;C:\Users\Diegodm\.m2\repository\io\netty\netty-handler\4.1.43.Final\netty-handler-4.1.43.Final.jar;C:\Users\Diegodm\.m2\repository\io\netty\netty-codec-http\4.1.43.Final\netty-codec-http-4.1.43.Final.jar;C:\Users\Diegodm\.m2\repository\org\eclipse\jetty\alpn\alpn-api\1.1.3.v20160715\alpn-api-1.1.3.v20160715.jar;C:\Users\Diegodm\.m2\repository\io\netty\netty-transport-native-kqueue\4.1.43.Final\netty-transport-native-kqueue-4.1.43.Final.jar;C:\Users\Diegodm\.m2\repository\io\netty\netty-transport-native-unix-common\4.1.43.Final\netty-transport-native-unix-common-4.1.43.Final.jar;C:\Users\Diegodm\.m2\repository\io\netty\netty-transport-native-epoll\4.1.43.Final\netty-transport-native-epoll-4.1.43.Final.jar;C:\Users\Diegodm\.m2\repository\org\jetbrains\kotlin\kotlin-stdlib-jdk8\1.3.60\kotlin-stdlib-jdk8-1.3.60.jar;C:\Users\Diegodm\.m2\repository\ch\qos\logback\logback-classic\1.2.3\logback-classic-1.2.3.jar;C:\Users\Diegodm\.m2\repository\ch\qos\logback\logback-core\1.2.3\logback-core-1.2.3.jar;C:\Users\Diegodm\.m2\repository\io\ktor\ktor-serialization\1.3.0\ktor-serialization-1.3.0.jar;C:\Users\Diegodm\.m2\repository\org\jetbrains\kotlinx\kotlinx-serialization-runtime\0.14.0\kotlinx-serialization-runtime-0.14.0.jar;C:\Users\Diegodm\.m2\repository\io\ktor\ktor-server-core\1.3.0\ktor-server-core-1.3.0.jar;C:\Users\Diegodm\.m2\repository\io\ktor\ktor-utils-jvm\1.3.0\ktor-utils-jvm-1.3.0.jar;C:\Users\Diegodm\.m2\repository\io\ktor\ktor-io-jvm\1.3.0\ktor-io-jvm-1.3.0.jar;C:\Users\Diegodm\.m2\repository\io\ktor\ktor-http-jvm\1.3.0\ktor-http-jvm-1.3.0.jar;C:\Users\Diegodm\.m2\repository\com\typesafe\config\1.3.1\config-1.3.1.jar;C:\Users\Diegodm\.m2\repository\org\jetbrains\kotlin\kotlin-reflect\1.3.61\kotlin-reflect-1.3.61.jar;C:\Users\Diegodm\.m2\repository\org\junit\jupiter\junit-jupiter-api\5.7.2\junit-jupiter-api-5.7.2.jar;C:\Users\Diegodm\.m2\repository\org\apiguardian\apiguardian-api\1.1.0\apiguardian-api-1.1.0.jar;C:\Users\Diegodm\.m2\repository\org\opentest4j\opentest4j\1.2.0\opentest4j-1.2.0.jar;C:\Users\Diegodm\.m2\repository\org\junit\platform\junit-platform-commons\1.7.2\junit-platform-commons-1.7.2.jar;C:\Users\Diegodm\.m2\repository\org\junit\jupiter\junit-jupiter-engine\5.7.2\junit-jupiter-engine-5.7.2.jar;C:\Users\Diegodm\.m2\repository\org\junit\platform\junit-platform-engine\1.7.2\junit-platform-engine-1.7.2.jar;"/>
    <property name="java.vm.vendor" value="Oracle Corporation"/>
    <property name="sun.arch.data.model" value="64"/>
    <property name="user.variant" value=""/>
    <property name="java.vendor.url" value="https://java.oracle.com/"/>
    <property name="user.timezone" value="Atlantic/Canary"/>
    <property name="user.country.format" value="BZ"/>
    <property name="os.name" value="Windows 11"/>
    <property name="java.vm.specification.version" value="19"/>
    <property name="sun.java.launcher" value="SUN_STANDARD"/>
    <property name="user.country" value="ES"/>
    <property name="sun.boot.library.path" value="C:\Program Files\Java\jdk-19\bin"/>
    <property name="sun.java.command" value="C:\Users\Diegodm\AppData\Local\Temp\surefire8576150869998784574\surefirebooter12870123066385137657.jar C:\Users\Diegodm\AppData\Local\Temp\surefire8576150869998784574 2023-01-27T11-18-01_617-jvmRun1 surefire15576607030010696350tmp surefire_016251558542983896178tmp"/>
    <property name="jdk.debug" value="release"/>
    <property name="surefire.test.class.path" value="C:\Users\Diegodm\OneDrive\Escritorio\LDH\Examen-2021-2\target\test-classes;C:\Users\Diegodm\OneDrive\Escritorio\LDH\Examen-2021-2\target\classes;C:\Users\Diegodm\.m2\repository\junit\junit\4.11\junit-4.11.jar;C:\Users\Diegodm\.m2\repository\org\hamcrest\hamcrest-core\1.3\hamcrest-core-1.3.jar;C:\Users\Diegodm\.m2\repository\org\apache\commons\commons-lang3\3.1\commons-lang3-3.1.jar;C:\Users\Diegodm\.m2\repository\org\apache\commons\commons-csv\1.9.0\commons-csv-1.9.0.jar;C:\Users\Diegodm\.m2\repository\edu\duke\cs\ospreyservice\0.2\ospreyservice-0.2.jar;C:\Users\Diegodm\.m2\repository\io\ktor\ktor-server-netty\1.3.0\ktor-server-netty-1.3.0.jar;C:\Users\Diegodm\.m2\repository\org\jetbrains\kotlin\kotlin-stdlib\1.3.61\kotlin-stdlib-1.3.61.jar;C:\Users\Diegodm\.m2\repository\org\jetbrains\kotlin\kotlin-stdlib-common\1.3.61\kotlin-stdlib-common-1.3.61.jar;C:\Users\Diegodm\.m2\repository\org\jetbrains\annotations\13.0\annotations-13.0.jar;C:\Users\Diegodm\.m2\repository\org\jetbrains\kotlin\kotlin-stdlib-jdk7\1.3.61\kotlin-stdlib-jdk7-1.3.61.jar;C:\Users\Diegodm\.m2\repository\org\jetbrains\kotlinx\atomicfu\0.14.1\atomicfu-0.14.1.jar;C:\Users\Diegodm\.m2\repository\org\slf4j\slf4j-api\1.7.26\slf4j-api-1.7.26.jar;C:\Users\Diegodm\.m2\repository\org\jetbrains\kotlinx\kotlinx-coroutines-jdk8\1.3.3\kotlinx-coroutines-jdk8-1.3.3.jar;C:\Users\Diegodm\.m2\repository\org\jetbrains\kotlinx\kotlinx-coroutines-core\1.3.3\kotlinx-coroutines-core-1.3.3.jar;C:\Users\Diegodm\.m2\repository\io\ktor\ktor-server-host-common\1.3.0\ktor-server-host-common-1.3.0.jar;C:\Users\Diegodm\.m2\repository\io\ktor\ktor-http-cio-jvm\1.3.0\ktor-http-cio-jvm-1.3.0.jar;C:\Users\Diegodm\.m2\repository\io\ktor\ktor-network\1.3.0\ktor-network-1.3.0.jar;C:\Users\Diegodm\.m2\repository\org\jetbrains\kotlinx\kotlinx-coroutines-core-common\1.3.3\kotlinx-coroutines-core-common-1.3.3.jar;C:\Users\Diegodm\.m2\repository\io\netty\netty-codec-http2\4.1.43.Final\netty-codec-http2-4.1.43.Final.jar;C:\Users\Diegodm\.m2\repository\io\netty\netty-common\4.1.43.Final\netty-common-4.1.43.Final.jar;C:\Users\Diegodm\.m2\repository\io\netty\netty-buffer\4.1.43.Final\netty-buffer-4.1.43.Final.jar;C:\Users\Diegodm\.m2\repository\io\netty\netty-transport\4.1.43.Final\netty-transport-4.1.43.Final.jar;C:\Users\Diegodm\.m2\repository\io\netty\netty-resolver\4.1.43.Final\netty-resolver-4.1.43.Final.jar;C:\Users\Diegodm\.m2\repository\io\netty\netty-codec\4.1.43.Final\netty-codec-4.1.43.Final.jar;C:\Users\Diegodm\.m2\repository\io\netty\netty-handler\4.1.43.Final\netty-handler-4.1.43.Final.jar;C:\Users\Diegodm\.m2\repository\io\netty\netty-codec-http\4.1.43.Final\netty-codec-http-4.1.43.Final.jar;C:\Users\Diegodm\.m2\repository\org\eclipse\jetty\alpn\alpn-api\1.1.3.v20160715\alpn-api-1.1.3.v20160715.jar;C:\Users\Diegodm\.m2\repository\io\netty\netty-transport-native-kqueue\4.1.43.Final\netty-transport-native-kqueue-4.1.43.Final.jar;C:\Users\Diegodm\.m2\repository\io\netty\netty-transport-native-unix-common\4.1.43.Final\netty-transport-native-unix-common-4.1.43.Final.jar;C:\Users\Diegodm\.m2\repository\io\netty\netty-transport-native-epoll\4.1.43.Final\netty-transport-native-epoll-4.1.43.Final.jar;C:\Users\Diegodm\.m2\repository\org\jetbrains\kotlin\kotlin-stdlib-jdk8\1.3.60\kotlin-stdlib-jdk8-1.3.60.jar;C:\Users\Diegodm\.m2\repository\ch\qos\logback\logback-classic\1.2.3\logback-classic-1.2.3.jar;C:\Users\Diegodm\.m2\repository\ch\qos\logback\logback-core\1.2.3\logback-core-1.2.3.jar;C:\Users\Diegodm\.m2\repository\io\ktor\ktor-serialization\1.3.0\ktor-serialization-1.3.0.jar;C:\Users\Diegodm\.m2\repository\org\jetbrains\kotlinx\kotlinx-serialization-runtime\0.14.0\kotlinx-serialization-runtime-0.14.0.jar;C:\Users\Diegodm\.m2\repository\io\ktor\ktor-server-core\1.3.0\ktor-server-core-1.3.0.jar;C:\Users\Diegodm\.m2\repository\io\ktor\ktor-utils-jvm\1.3.0\ktor-utils-jvm-1.3.0.jar;C:\Users\Diegodm\.m2\repository\io\ktor\ktor-io-jvm\1.3.0\ktor-io-jvm-1.3.0.jar;C:\Users\Diegodm\.m2\repository\io\ktor\ktor-http-jvm\1.3.0\ktor-http-jvm-1.3.0.jar;C:\Users\Diegodm\.m2\repository\com\typesafe\config\1.3.1\config-1.3.1.jar;C:\Users\Diegodm\.m2\repository\org\jetbrains\kotlin\kotlin-reflect\1.3.61\kotlin-reflect-1.3.61.jar;C:\Users\Diegodm\.m2\repository\org\junit\jupiter\junit-jupiter-api\5.7.2\junit-jupiter-api-5.7.2.jar;C:\Users\Diegodm\.m2\repository\org\apiguardian\apiguardian-api\1.1.0\apiguardian-api-1.1.0.jar;C:\Users\Diegodm\.m2\repository\org\opentest4j\opentest4j\1.2.0\opentest4j-1.2.0.jar;C:\Users\Diegodm\.m2\repository\org\junit\platform\junit-platform-commons\1.7.2\junit-platform-commons-1.7.2.jar;C:\Users\Diegodm\.m2\repository\org\junit\jupiter\junit-jupiter-engine\5.7.2\junit-jupiter-engine-5.7.2.jar;C:\Users\Diegodm\.m2\repository\org\junit\platform\junit-platform-engine\1.7.2\junit-platform-engine-1.7.2.jar;"/>
    <property name="sun.cpu.endian" value="little"/>
    <property name="user.home" value="C:\Users\Diegodm"/>
    <property name="user.language" value="es"/>
    <property name="java.specification.vendor" value="Oracle Corporation"/>
    <property name="java.version.date" value="2022-10-18"/>
    <property name="java.home" value="C:\Program Files\Java\jdk-19"/>
    <property name="file.separator" value="\"/>
    <property name="basedir" value="C:\Users\Diegodm\OneDrive\Escritorio\LDH\Examen-2021-2"/>
    <property name="java.vm.compressedOopsMode" value="Zero based"/>
    <property name="line.separator" value="&#10;"/>
    <property name="java.vm.specification.vendor" value="Oracle Corporation"/>
    <property name="java.specification.name" value="Java Platform API Specification"/>
    <property name="surefire.real.class.path" value="C:\Users\Diegodm\AppData\Local\Temp\surefire8576150869998784574\surefirebooter12870123066385137657.jar"/>
    <property name="user.script" value=""/>
    <property name="sun.management.compiler" value="HotSpot 64-Bit Tiered Compilers"/>
    <property name="java.runtime.version" value="19.0.1+10-21"/>
    <property name="user.name" value="Diegodm"/>
    <property name="stdout.encoding" value="Cp1252"/>
    <property name="path.separator" value=";"/>
    <property name="os.version" value="10.0"/>
    <property name="java.runtime.name" value="Java(TM) SE Runtime Environment"/>
    <property name="file.encoding" value="UTF-8"/>
    <property name="java.vm.name" value="Java HotSpot(TM) 64-Bit Server VM"/>
    <property name="localRepository" value="C:\Users\Diegodm\.m2\repository"/>
    <property name="java.vendor.url.bug" value="https://bugreport.java.com/bugreport/"/>
    <property name="java.io.tmpdir" value="C:\Users\Diegodm\AppData\Local\Temp\"/>
    <property name="java.version" value="19.0.1"/>
    <property name="user.dir" value="C:\Users\Diegodm\OneDrive\Escritorio\LDH\Examen-2021-2"/>
    <property name="os.arch" value="amd64"/>
    <property name="java.vm.specification.name" value="Java Virtual Machine Specification"/>
    <property name="sun.os.patch.level" value=""/>
    <property name="native.encoding" value="Cp1252"/>
    <property name="java.library.path" value="C:\Program Files\Java\jdk-19\bin;C:\WINDOWS\Sun\Java\bin;C:\WINDOWS\system32;C:\WINDOWS;C:\Program Files\Common Files\Oracle\Java\javapath;C:\WINDOWS\system32;C:\WINDOWS;C:\WINDOWS\System32\Wbem;C:\WINDOWS\System32\WindowsPowerShell\v1.0\;C:\WINDOWS\System32\OpenSSH\;C:\Program Files\Git\cmd;C:\Program Files\apache-maven-3.8.6\bin;C:\Program Files\dotnet\;C:\Users\Diegodm\AppData\Local\Microsoft\WindowsApps;C:\Users\Diegodm\AppData\Local\Programs\Microsoft VS Code\bin;C:\Program Files\apache-maven-3.8.6\bin;C:\Users\Diegodm\.dotnet\tools;C:\Users\Diegodm\AppData\Local\Packages\PythonSoftwareFoundation.Python.3.10_qbz5n2kfra8p0\LocalCache\local-packages\Python310\Scripts;;C:\Users\Diegodm\AppData\Local\spicetify;."/>
    <property name="java.vm.info" value="mixed mode, sharing"/>
    <property name="stderr.encoding" value="Cp1252"/>
    <property name="java.vendor" value="Oracle Corporation"/>
    <property name="java.vm.version" value="19.0.1+10-21"/>
    <property name="sun.io.unicode.encoding" value="UnicodeLittle"/>
    <property name="java.class.version" value="63.0"/>
  </properties>
  <testcase name="testFor26" classname="com.thealgorithms.maths.KaprekarNumbersTest" time="0.014"/>
  <testcase name="testFor45" classname="com.thealgorithms.maths.KaprekarNumbersTest" time="0.002"/>
  <testcase name="testFor98" classname="com.thealgorithms.maths.KaprekarNumbersTest" time="0"/>
  <testcase name="testFor1" classname="com.thealgorithms.maths.KaprekarNumbersTest" time="0.002"/>
  <testcase name="testFor3" classname="com.thealgorithms.maths.KaprekarNumbersTest" time="0"/>
  <testcase name="testFor2223" classname="com.thealgorithms.maths.KaprekarNumbersTest" time="0.001"/>
  <testcase name="testForRangeOfNumber" classname="com.thealgorithms.maths.KaprekarNumbersTest" time="0.171"/>
  <testcase name="testFor857143" classname="com.thealgorithms.maths.KaprekarNumbersTest" time="0"/>
  <testcase name="testFor297" classname="com.thealgorithms.maths.KaprekarNumbersTest" time="0.001"/>
</testsuite>